#
# A fatal error has been detected by the Java Runtime Environment:
#
#  Internal Error (classFileParser.cpp:3494), pid=5108, tid=3524
#  Error: ShouldNotReachHere()
#
# JRE version: 6.0_25-b06
# Java VM: Java HotSpot(TM) 64-Bit Server VM (20.0-b11 mixed mode windows-amd64 compressed oops)
# If you would like to submit a bug report, please visit:
#   http://java.sun.com/webapps/bugreport/crash.jsp
#

---------------  T H R E A D  ---------------

Current thread (0x00000000005dc000):  JavaThread "Unknown thread" [_thread_in_vm, id=3524, stack(0x0000000002790000,0x0000000002890000)]

Stack: [0x0000000002790000,0x0000000002890000]
[error occurred during error reporting (printing stack bounds), id 0xc0000005]


---------------  P R O C E S S  ---------------

Java Threads: ( => current thread )

Other Threads:

=>0x00000000005dc000 (exited) JavaThread "Unknown thread" [_thread_in_vm, id=3524, stack(0x0000000002790000,0x0000000002890000)]

VM state:not at safepoint (not fully initialized)

VM Mutex/Monitor currently owned by a thread: None

Dynamic libraries:
0x0000000000400000 - 0x000000000042e000 	C:\Program Files\Java\jre6\bin\javaw.exe
0x0000000076f50000 - 0x00000000770f9000 	C:\Windows\SYSTEM32\ntdll.dll
0x0000000076c20000 - 0x0000000076d3f000 	C:\Windows\system32\kernel32.dll
0x000007fefd610000 - 0x000007fefd67c000 	C:\Windows\system32\KERNELBASE.dll
0x00000000747c0000 - 0x00000000747ff000 	C:\Program Files\Alwil Software\Avast5\snxhk64.dll
0x000007fefd7a0000 - 0x000007fefd87b000 	C:\Windows\system32\ADVAPI32.dll
0x000007fefe1d0000 - 0x000007fefe26f000 	C:\Windows\system32\msvcrt.dll
0x000007fefd780000 - 0x000007fefd79f000 	C:\Windows\SYSTEM32\sechost.dll
0x000007fefda00000 - 0x000007fefdb2d000 	C:\Windows\system32\RPCRT4.dll
0x00000000769c0000 - 0x0000000076aba000 	C:\Windows\system32\USER32.dll
0x000007fefd880000 - 0x000007fefd8e7000 	C:\Windows\system32\GDI32.dll
0x000007fefe1b0000 - 0x000007fefe1be000 	C:\Windows\system32\LPK.dll
0x000007fefe2a0000 - 0x000007fefe369000 	C:\Windows\system32\USP10.dll
0x000007fefe270000 - 0x000007fefe29e000 	C:\Windows\system32\IMM32.DLL
0x000007fefe0a0000 - 0x000007fefe1a9000 	C:\Windows\system32\MSCTF.dll
0x0000000180000000 - 0x00000001800ac000 	C:\Windows\System32\ezgdi-x64.dll
0x0000000000210000 - 0x000000000022f000 	C:\Windows\system32\EasyHook64.dll
0x0000000077120000 - 0x0000000077127000 	C:\Windows\system32\PSAPI.DLL
0x000007feff160000 - 0x000007feff1d1000 	C:\Windows\system32\SHLWAPI.dll
0x000000006d7f0000 - 0x000000006dfa8000 	C:\Program Files\Java\jre6\bin\server\jvm.dll
0x000007fefaf60000 - 0x000007fefaf9b000 	C:\Windows\system32\WINMM.dll
0x000000006d760000 - 0x000000006d76e000 	C:\Program Files\Java\jre6\bin\verify.dll
0x000000006d3b0000 - 0x000000006d3d7000 	C:\Program Files\Java\jre6\bin\java.dll
0x000000006d420000 - 0x000000006d454000 	C:\Program Files\Java\jre6\bin\jdwp.dll
0x000000006d630000 - 0x000000006d638000 	C:\Program Files\Java\jre6\bin\npt.dll
0x000000006d7b0000 - 0x000000006d7c2000 	C:\Program Files\Java\jre6\bin\zip.dll

VM Arguments:
jvm_args: -agentlib:jdwp=transport=dt_socket,suspend=y,address=localhost:55625 -Dfile.encoding=Cp1252 -Xbootclasspath:C:\Program Files (x86)\Android\android-sdk\platforms\android-10\android.jar 
java_command: org.eclipse.jdt.internal.debug.ui.snippeteditor.ScrapbookMain file:/D:/Documents/eWorkspace/.metadata/.plugins/org.eclipse.core.resources/.projects/Feed-Reader/org.eclipse.jdt.debug.ui/ file:/D:/Documents/eWorkspace/Feed-Reader/bin/classes/
Launcher Type: SUN_STANDARD

Environment Variables:
PATH=C:\Program Files (x86)\AMD APP\bin\x86_64;C:\Program Files (x86)\AMD APP\bin\x86;C:\Program Files\Common Files\Microsoft Shared\Windows Live;C:\Windows\system32;C:\Windows;C:\Windows\System32\Wbem;C:\Windows\System32\WindowsPowerShell\v1.0\;C:\Program Files (x86)\ATI Technologies\ATI.ACE\Core-Static;C:\Program Files\Microsoft Network Monitor 3\;C:\Program Files (x86)\Microsoft SQL Server\100\Tools\Binn\;C:\Program Files\Microsoft SQL Server\100\Tools\Binn\;C:\Program Files\Microsoft SQL Server\100\DTS\Binn\;C:\Program Files (x86)\Autodesk\Backburner\;C:\Program Files\Common Files\Autodesk Shared\;C:\Program Files (x86)\Microsoft SQL Server\100\Tools\Binn\VSShell\Common7\IDE\;C:\Program Files (x86)\Microsoft Visual Studio 9.0\Common7\IDE\PrivateAssemblies\;C:\Program Files (x86)\Microsoft SQL Server\100\DTS\Binn\;C:\Program Files (x86)\Common Files\Autodesk Shared\;C:\Program Files (x86)\nodejs\;C:\Program Files\TortoiseSVN\bin;C:\Program Files\Common Files\Microsoft Shared\Windows Live
USERNAME=Aaron
OS=Windows_NT
PROCESSOR_IDENTIFIER=AMD64 Family 16 Model 4 Stepping 3, AuthenticAMD



---------------  S Y S T E M  ---------------

OS: Windows 7 Build 7601 Service Pack 1

CPU:total 4 (4 cores per cpu, 1 threads per core) family 16 model 4 stepping 3, cmov, cx8, fxsr, mmx, sse, sse2, sse3, popcnt, mmxext, 3dnow, 3dnowext, lzcnt, sse4a

Memory: 4k page, physical 4192760k(1971040k free), swap 8383672k(5296032k free)

vm_info: Java HotSpot(TM) 64-Bit Server VM (20.0-b11) for windows-amd64 JRE (1.6.0_25-b06), built on Apr 14 2011 00:44:38 by "java_re" with MS VC++ 8.0 (VS2005)

time: Sat Mar 17 15:53:21 2012
elapsed time: 0 seconds

